<?xml version="1.0" encoding="UTF-8"?>
<testng-results ignored="0" total="1" passed="1" failed="0" skipped="0">
  <reporter-output>
  </reporter-output>
  <suite started-at="2020-02-27T01:23:11Z" name="Default suite" finished-at="2020-02-27T01:23:58Z" duration-ms="47358">
    <groups>
      <group name="cucumber">
        <method signature="AbstractTestNGCucumberTests.feature(cucumber.api.testng.CucumberFeatureWrapper)[pri:0, instance:StepDef.TestRunner@10d68fcd]" name="feature" class="cucumber.api.testng.AbstractTestNGCucumberTests"/>
      </group> <!-- cucumber -->
    </groups>
    <test started-at="2020-02-27T01:23:11Z" name="Default test" finished-at="2020-02-27T01:23:58Z" duration-ms="47358">
      <class name="StepDef.TestRunner">
        <test-method is-config="true" signature="setUpClass()[pri:0, instance:StepDef.TestRunner@10d68fcd]" started-at="2020-02-27T01:23:11Z" name="setUpClass" finished-at="2020-02-27T01:23:11Z" duration-ms="270" status="PASS">
          <reporter-output>
          </reporter-output>
        </test-method> <!-- setUpClass -->
        <test-method signature="feature(cucumber.api.testng.CucumberFeatureWrapper)[pri:0, instance:StepDef.TestRunner@10d68fcd]" started-at="2020-02-27T01:23:11Z" name="feature" description="Runs Cucumber Feature" data-provider="features" finished-at="2020-02-27T01:23:58Z" duration-ms="46937" status="PASS">
          <params>
            <param index="0">
              <value>
                <![CDATA[About Page]]>
              </value>
            </param>
          </params>
          <reporter-output>
          </reporter-output>
        </test-method> <!-- feature -->
        <test-method is-config="true" signature="tearDownClass()[pri:0, instance:StepDef.TestRunner@10d68fcd]" started-at="2020-02-27T01:23:58Z" name="tearDownClass" finished-at="2020-02-27T01:23:58Z" duration-ms="38" status="PASS">
          <reporter-output>
          </reporter-output>
        </test-method> <!-- tearDownClass -->
      </class> <!-- StepDef.TestRunner -->
    </test> <!-- Default test -->
  </suite> <!-- Default suite -->
</testng-results>
